<?xml version="1.0" encoding="UTF-8"?>
<testsuite xmlns:xsi="http://www.w3.org/2001/XMLSchema-instance" xsi:noNamespaceSchemaLocation="https://maven.apache.org/surefire/maven-surefire-plugin/xsd/surefire-test-report-3.0.xsd" version="3.0" name="com.mycompany.javarush.testing.DoAnswerTest" time="0.148" tests="1" errors="0" skipped="0" failures="0">
  <properties>
[...]
</properties>
  <testcase name="doAnswerToUpperTest" classname="com.mycompany.javarush.testing.DoAnswerTest" time="0.14">
    <system-out><![CDATA[hello
]]></system-out>
  </testcase>
</testsuite>